Determining if the pthread_create exist failed with the following output:
Change Dir: /home/pi/hexapod/ROS/build/CMakeFiles/CMakeTmp

Run Build Command:"/usr/bin/make" "cmTryCompileExec3660983431/fast"
/usr/bin/make -f CMakeFiles/cmTryCompileExec3660983431.dir/build.make CMakeFiles/cmTryCompileExec3660983431.dir/build
make[1]: Entering directory '/home/pi/hexapod/ROS/build/CMakeFiles/CMakeTmp'
/usr/bin/cmake -E cmake_progress_report /home/pi/hexapod/ROS/build/CMakeFiles/CMakeTmp/CMakeFiles 1
Building C object CMakeFiles/cmTryCompileExec3660983431.dir/CheckSymbolExists.c.o
/usr/bin/cc    -o CMakeFiles/cmTryCompileExec3660983431.dir/CheckSymbolExists.c.o   -c /home/pi/hexapod/ROS/build/CMakeFiles/CMakeTmp/CheckSymbolExists.c
Linking C executable cmTryCompileExec3660983431
/usr/bin/cmake -E cmake_link_script CMakeFiles/cmTryCompileExec3660983431.dir/link.txt --verbose=1
/usr/bin/cc       CMakeFiles/cmTryCompileExec3660983431.dir/CheckSymbolExists.c.o  -o cmTryCompileExec3660983431 -rdynamic 
CMakeFiles/cmTryCompileExec3660983431.dir/CheckSymbolExists.c.o: In function `main':
CheckSymbolExists.c:(.text+0x38): undefined reference to `pthread_create'
collect2: error: ld returned 1 exit status
CMakeFiles/cmTryCompileExec3660983431.dir/build.make:88: recipe for target 'cmTryCompileExec3660983431' failed
make[1]: *** [cmTryCompileExec3660983431] Error 1
make[1]: Leaving directory '/home/pi/hexapod/ROS/build/CMakeFiles/CMakeTmp'
Makefile:118: recipe for target 'cmTryCompileExec3660983431/fast' failed
make: *** [cmTryCompileExec3660983431/fast] Error 2

File /home/pi/hexapod/ROS/build/CMakeFiles/CMakeTmp/CheckSymbolExists.c:
/* */
#include <pthread.h>

int main(int argc, char** argv)
{
  (void)argv;
#ifndef pthread_create
  return ((int*)(&pthread_create))[argc];
#else
  (void)argc;
  return 0;
#endif
}

Determining if the function pthread_create exists in the pthreads failed with the following output:
Change Dir: /home/pi/hexapod/ROS/build/CMakeFiles/CMakeTmp

Run Build Command:"/usr/bin/make" "cmTryCompileExec787981391/fast"
/usr/bin/make -f CMakeFiles/cmTryCompileExec787981391.dir/build.make CMakeFiles/cmTryCompileExec787981391.dir/build
make[1]: Entering directory '/home/pi/hexapod/ROS/build/CMakeFiles/CMakeTmp'
/usr/bin/cmake -E cmake_progress_report /home/pi/hexapod/ROS/build/CMakeFiles/CMakeTmp/CMakeFiles 1
Building C object CMakeFiles/cmTryCompileExec787981391.dir/CheckFunctionExists.c.o
/usr/bin/cc   -DCHECK_FUNCTION_EXISTS=pthread_create   -o CMakeFiles/cmTryCompileExec787981391.dir/CheckFunctionExists.c.o   -c /usr/share/cmake-3.0/Modules/CheckFunctionExists.c
Linking C executable cmTryCompileExec787981391
/usr/bin/cmake -E cmake_link_script CMakeFiles/cmTryCompileExec787981391.dir/link.txt --verbose=1
/usr/bin/cc   -DCHECK_FUNCTION_EXISTS=pthread_create    CMakeFiles/cmTryCompileExec787981391.dir/CheckFunctionExists.c.o  -o cmTryCompileExec787981391 -rdynamic -lpthreads 
/usr/bin/ld: cannot find -lpthreads
collect2: error: ld returned 1 exit status
CMakeFiles/cmTryCompileExec787981391.dir/build.make:88: recipe for target 'cmTryCompileExec787981391' failed
make[1]: Leaving directory '/home/pi/hexapod/ROS/build/CMakeFiles/CMakeTmp'
make[1]: *** [cmTryCompileExec787981391] Error 1
Makefile:118: recipe for target 'cmTryCompileExec787981391/fast' failed
make: *** [cmTryCompileExec787981391/fast] Error 2


